<?xml version="1.0" encoding="UTF-8"?>
<!-- Generated by org.testng.reporters.JUnitReportReporter -->
<testsuite hostname="DESKTOP-H96LQBC" failures="0" tests="1" name="runners.Run" time="4.700" errors="0" timestamp="2022-09-06T00:56:23 CDT" skipped="0">
  <testcase classname="runners.Run" name="runScenario" time="4.700"/>
  <system-out/>
</testsuite> <!-- runners.Run -->
